C:\Users\Jayke\Documents\GitHub\BetterExplorer\BExplorer\BetterExplorer\BEH.lib
C:\Users\Jayke\Documents\GitHub\BetterExplorer\BExplorer\BetterExplorer\BEH.exp
C:\USERS\JAYKE\DOCUMENTS\GITHUB\BETTEREXPLORER\BEAPI\X64\RELEASE\MAIN.OBJ
C:\USERS\JAYKE\DOCUMENTS\GITHUB\BETTEREXPLORER\BEAPI\X64\RELEASE\VC110.PDB
C:\USERS\JAYKE\DOCUMENTS\GITHUB\BETTEREXPLORER\BEXPLORER\BETTEREXPLORER\BEH.DLL
C:\USERS\JAYKE\DOCUMENTS\GITHUB\BETTEREXPLORER\BEXPLORER\BETTEREXPLORER\BEH.PDB
C:\Users\Jayke\Documents\GitHub\BetterExplorer\BEApi\x64\Release\main.obj
C:\Users\Jayke\Documents\GitHub\BetterExplorer\BEApi\x64\Release\BEApi.write.1.tlog
C:\Users\Jayke\Documents\GitHub\BetterExplorer\BEApi\x64\Release\cl.command.1.tlog
C:\Users\Jayke\Documents\GitHub\BetterExplorer\BEApi\x64\Release\CL.read.1.tlog
C:\Users\Jayke\Documents\GitHub\BetterExplorer\BEApi\x64\Release\CL.write.1.tlog
C:\Users\Jayke\Documents\GitHub\BetterExplorer\BEApi\x64\Release\link-cvtres.read.1.tlog
C:\Users\Jayke\Documents\GitHub\BetterExplorer\BEApi\x64\Release\link-cvtres.write.1.tlog
C:\Users\Jayke\Documents\GitHub\BetterExplorer\BEApi\x64\Release\link-rc.read.1.tlog
C:\Users\Jayke\Documents\GitHub\BetterExplorer\BEApi\x64\Release\link-rc.write.1.tlog
C:\Users\Jayke\Documents\GitHub\BetterExplorer\BEApi\x64\Release\link.command.1.tlog
C:\Users\Jayke\Documents\GitHub\BetterExplorer\BEApi\x64\Release\link.read.1.tlog
C:\Users\Jayke\Documents\GitHub\BetterExplorer\BEApi\x64\Release\link.write.1.tlog
C:\Users\Jayke\Documents\GitHub\BetterExplorer\BEApi\x64\Release\vc110.pdb
C:\Users\Jayke\Documents\GitHub\BetterExplorer\BExplorer\BetterExplorer\BEH64.dll
